[debug] > Exec(early(addDefaultCommands), None, None)
[debug] > Exec(addDefaultCommands, None, None)
[debug] > Exec(early(initialize), None, None)
[debug] > Exec(initialize, None, None)
[debug] > Exec(boot, None, None)
[debug] > Exec(writeSbtVersion, None, None)
[debug] > Exec(reload, None, None)
[debug] > Exec(sbtStashOnFailure, None, None)
[debug] > Exec(onFailure loadFailed, None, None)
[debug] > Exec(loadp, None, None)
[info] welcome to sbt 1.5.6 (Oracle Corporation Java 1.8.0_321)
[debug] Load.defaultLoad until apply took 181.860624ms
[debug]                 Load.loadUnit: plugins took 54.711002ms
[debug]                 Load.loadUnit: defsScala took 0.342501ms
[debug] [Loading] Scanning directory /mnt/data/projects/kws/Easonlib/project/project
[debug]                   Load.loadUnit: mkEval took 6.361948ms
[debug] [Loading] Found non-root projects 
[debug] [Loading] Done in /mnt/data/projects/kws/Easonlib/project/project, returning: ()
[debug] deducing auto plugins based on known facts Set(Atom(sbt.plugins.CorePlugin)) and clauses Clauses(Clause(Atom(sbt.plugins.JvmPlugin),Set(Atom(sbt.plugins.IvyPlugin)))
[debug] Clause(Atom(sbt.ScriptedPlugin),Set(Atom(sbt.plugins.JvmPlugin)))
[debug] Clause(Atom(sbt.plugins.SbtPlugin),Set(Atom(sbt.ScriptedPlugin)))
[debug] Clause(Atom(sbt.plugins.SemanticdbPlugin),Set(Atom(sbt.plugins.JvmPlugin)))
[debug] Clause(Atom(sbt.plugins.JUnitXmlReportPlugin),Set(Atom(sbt.plugins.JvmPlugin)))
[debug] Clause(Atom(sbt.plugins.MiniDependencyTreePlugin),Set(Atom(sbt.plugins.JvmPlugin)))
[debug] Clause(Atom(sbt.plugins.CorePlugin),Set(Atom(sbt.plugins.IvyPlugin)))
[debug] Clause(Atom(sbt.plugins.IvyPlugin),Set(Atom(sbt.plugins.JvmPlugin)))
[debug] Clause(Atom(sbt.plugins.JvmPlugin),Set(Atom(sbt.plugins.SemanticdbPlugin)))
[debug] Clause(Atom(sbt.plugins.JvmPlugin),Set(Atom(sbt.plugins.JUnitXmlReportPlugin)))
[debug] Clause(Atom(sbt.plugins.CorePlugin),Set(Atom(sbt.plugins.Giter8TemplatePlugin)))
[debug] Clause(Atom(sbt.plugins.JvmPlugin),Set(Atom(sbt.plugins.MiniDependencyTreePlugin))))
[debug]   :: deduced result: Matched(sbt.plugins.CorePlugin,sbt.plugins.Giter8TemplatePlugin,sbt.plugins.IvyPlugin,sbt.plugins.JvmPlugin,sbt.plugins.MiniDependencyTreePlugin,sbt.plugins.JUnitXmlReportPlugin,sbt.plugins.SemanticdbPlugin)
[debug] Plugins.deducer#function took 16.530337 ms
[info] loading settings for project easonlib-build-build from metals.sbt ...
[debug]                     Load.resolveProject(easonlib-build-build) took 61.101561ms
[debug]                   Load.loadTransitive: finalizeProject(Project(id easonlib-build-build, base: /mnt/data/projects/kws/Easonlib/project/project, plugins: List(<none>))) took 86.795327ms
[debug] [Loading] Done in /mnt/data/projects/kws/Easonlib/project/project, returning: (easonlib-build-build)
[debug]                 Load.loadUnit: loadedProjectsRaw took 1705.618931ms
[debug]                 Load.loadUnit: cleanEvalClasses took 3.993373ms
[debug]               Load.loadUnit(file:/mnt/data/projects/kws/Easonlib/project/project/, ...) took 1768.84979ms
[debug]             Load.apply: load took 1837.96493ms
[debug]             Load.apply: resolveProjects took 3.86217ms
[debug]             Load.apply: finalTransforms took 39.715733ms
[debug]             Load.apply: config.delegates took 5.293397ms
[debug]             Load.apply: Def.make(settings)... took 316.367931ms
[debug]             Load.apply: structureIndex took 73.712173ms
[debug]             Load.apply: mkStreams took 1.214421ms
[info] loading project definition from /mnt/data/projects/kws/Easonlib/project/project
[debug] Running task... Cancel: Signal, check cycles: false, forcegc: true
[debug] Forcing garbage collection...
[debug]           Load.loadUnit: plugins took 893686.783664ms
[debug]           Load.loadUnit: defsScala took 0.002121ms
[debug] [Loading] Scanning directory /mnt/data/projects/kws/Easonlib/project
[debug]             Load.loadUnit: mkEval took 0.167859ms
[debug] [Loading] Found non-root projects 
[debug] [Loading] Done in /mnt/data/projects/kws/Easonlib/project, returning: ()
[debug] deducing auto plugins based on known facts Set(Atom(sbt.plugins.CorePlugin)) and clauses Clauses(Clause(Atom(sbt.plugins.JvmPlugin),Set(Atom(sbt.plugins.IvyPlugin)))
[debug] Clause(Atom(sbt.ScriptedPlugin),Set(Atom(sbt.plugins.JvmPlugin)))
[debug] Clause(Atom(sbt.plugins.SbtPlugin),Set(Atom(sbt.ScriptedPlugin)))
[debug] Clause(Atom(sbt.plugins.SemanticdbPlugin),Set(Atom(sbt.plugins.JvmPlugin)))
[debug] Clause(Atom(sbt.plugins.JUnitXmlReportPlugin),Set(Atom(sbt.plugins.JvmPlugin)))
[debug] Clause(Atom(sbt.plugins.MiniDependencyTreePlugin),Set(Atom(sbt.plugins.JvmPlugin)))
[debug] Clause(Atom(bloop.integrations.sbt.BloopPlugin),Set(Atom(sbt.plugins.JvmPlugin)))
[debug] Clause(Atom(sbt.plugins.CorePlugin),Set(Atom(sbt.plugins.IvyPlugin)))
[debug] Clause(Atom(sbt.plugins.IvyPlugin),Set(Atom(sbt.plugins.JvmPlugin)))
[debug] Clause(Atom(sbt.plugins.JvmPlugin),Set(Atom(sbt.plugins.SemanticdbPlugin)))
[debug] Clause(Atom(sbt.plugins.JvmPlugin),Set(Atom(sbt.plugins.JUnitXmlReportPlugin)))
[debug] Clause(Atom(sbt.plugins.CorePlugin),Set(Atom(sbt.plugins.Giter8TemplatePlugin)))
[debug] Clause(Atom(sbt.plugins.JvmPlugin),Set(Atom(sbt.plugins.MiniDependencyTreePlugin)))
[debug] Clause(Atom(sbt.plugins.JvmPlugin),Set(Atom(bloop.integrations.sbt.BloopPlugin))))
[debug]   :: deduced result: Matched(sbt.plugins.CorePlugin,sbt.plugins.Giter8TemplatePlugin,sbt.plugins.IvyPlugin,sbt.plugins.JvmPlugin,bloop.integrations.sbt.BloopPlugin,sbt.plugins.MiniDependencyTreePlugin,sbt.plugins.JUnitXmlReportPlugin,sbt.plugins.SemanticdbPlugin)
[debug] Plugins.deducer#function took 1.194038 ms
[info] loading settings for project easonlib-build from metals.sbt ...
[debug]               Load.resolveProject(easonlib-build) took 14.450468ms
[debug]             Load.loadTransitive: finalizeProject(Project(id easonlib-build, base: /mnt/data/projects/kws/Easonlib/project, plugins: List(<none>))) took 16.066046ms
[debug] [Loading] Done in /mnt/data/projects/kws/Easonlib/project, returning: (easonlib-build)
[debug]           Load.loadUnit: loadedProjectsRaw took 324.197847ms
[debug]           Load.loadUnit: cleanEvalClasses took 0.482069ms
[debug]         Load.loadUnit(file:/mnt/data/projects/kws/Easonlib/project/, ...) took 894012.018176ms
[debug]       Load.apply: load took 894013.383963ms
[debug]       Load.apply: resolveProjects took 0.082039ms
[debug]       Load.apply: finalTransforms took 12.853723ms
[debug]       Load.apply: config.delegates took 0.466628ms
[debug]       Load.apply: Def.make(settings)... took 62.363364ms
[debug]       Load.apply: structureIndex took 17.656138ms
[debug]       Load.apply: mkStreams took 0.002338ms
[info] loading project definition from /mnt/data/projects/kws/Easonlib/project
[debug] Evaluating tasks: bloopInstall
[debug] Running task... Cancel: Signal, check cycles: false, forcegc: true
